<?xml version="1.0" encoding="UTF-8"?>
<!-- Generated by org.testng.reporters.JUnitReportReporter -->
<testsuite skipped="0" hostname="DESKTOP-KFO17RS" name="com.ip.lambdaexpression.BinaryOperatorTest" tests="5" failures="0" timestamp="2020-04-23T07:21:54 PDT" time="0.017" errors="0">
  <testcase name="testOneNegNum" time="0.010" classname="com.ip.lambdaexpression.BinaryOperatorTest"/>
  <system-out/>
  <testcase name="testTwoNum" time="0.003" classname="com.ip.lambdaexpression.BinaryOperatorTest"/>
  <system-out/>
  <testcase name="testWithLargeNum" time="0.001" classname="com.ip.lambdaexpression.BinaryOperatorTest"/>
  <system-out/>
  <testcase name="testTwoNegNum" time="0.002" classname="com.ip.lambdaexpression.BinaryOperatorTest"/>
  <system-out/>
  <testcase name="testWithZero" time="0.001" classname="com.ip.lambdaexpression.BinaryOperatorTest"/>
  <system-out/>
</testsuite> <!-- com.ip.lambdaexpression.BinaryOperatorTest -->
