<?xml version="1.0" encoding="UTF-8"?>
<!-- Generated by org.testng.reporters.JUnitReportReporter -->
<testsuite skipped="0" hostname="DESKTOP-KFO17RS" name="com.ip.lambdaexpression.MethodReferncesTest" tests="1" failures="0" timestamp="2020-04-23T07:20:26 PDT" time="0.011" errors="0">
  <testcase name="test" time="0.011" classname="com.ip.lambdaexpression.MethodReferncesTest"/>
  <system-out/>
</testsuite> <!-- com.ip.lambdaexpression.MethodReferncesTest -->
