<?xml version="1.0" encoding="UTF-8"?>
<!-- Generated by org.testng.reporters.JUnitReportReporter -->
<testsuite skipped="0" hostname="DESKTOP-KFO17RS" name="com.ip.lambdaexpression.SampleMapTest" tests="5" failures="0" timestamp="2020-04-23T07:17:54 PDT" time="0.020" errors="0">
  <testcase name="TestWithEvenNum" time="0.013" classname="com.ip.lambdaexpression.SampleMapTest"/>
  <system-out/>
  <testcase name="TestWithOddNum" time="0.002" classname="com.ip.lambdaexpression.SampleMapTest"/>
  <system-out/>
  <testcase name="TestWithZero" time="0.002" classname="com.ip.lambdaexpression.SampleMapTest"/>
  <system-out/>
  <testcase name="TestWithMinusNum" time="0.002" classname="com.ip.lambdaexpression.SampleMapTest"/>
  <system-out/>
  <testcase name="testWithMultiplyNum" time="0.001" classname="com.ip.lambdaexpression.SampleMapTest"/>
  <system-out/>
</testsuite> <!-- com.ip.lambdaexpression.SampleMapTest -->
