<?xml version="1.0" encoding="UTF-8"?>
<!-- Generated by org.testng.reporters.JUnitReportReporter -->
<testsuite skipped="0" hostname="DESKTOP-KFO17RS" name="com.ip.lambdaexpression.MainPredicateTest" tests="5" failures="0" timestamp="2020-04-23T07:20:38 PDT" time="0.035" errors="0">
  <testcase name="testWithNum" time="0.002" classname="com.ip.lambdaexpression.MainPredicateTest"/>
  <system-out/>
  <testcase name="testWithNumAlph" time="0.001" classname="com.ip.lambdaexpression.MainPredicateTest"/>
  <system-out/>
  <testcase name="testWithalpha" time="0.003" classname="com.ip.lambdaexpression.MainPredicateTest"/>
  <system-out/>
  <testcase name="checkStringLength" time="0.025" classname="com.ip.lambdaexpression.MainPredicateTest"/>
  <system-out/>
  <testcase name="testWithSameLength" time="0.004" classname="com.ip.lambdaexpression.MainPredicateTest"/>
  <system-out/>
</testsuite> <!-- com.ip.lambdaexpression.MainPredicateTest -->
