<?xml version="1.0" encoding="UTF-8"?>
<!-- Generated by org.testng.reporters.JUnitReportReporter -->
<testsuite skipped="0" hostname="DESKTOP-KFO17RS" name="com.ip.lambdaexpression.InstanceMethodsStreamTest" tests="32" failures="0" timestamp="2020-04-23T07:21:29 PDT" time="0.257" errors="0">
  <testcase name="limit" time="0.008" classname="com.ip.lambdaexpression.InstanceMethodsStreamTest"/>
  <system-out/>
  <testcase name="allMatchFail" time="0.005" classname="com.ip.lambdaexpression.InstanceMethodsStreamTest"/>
  <system-out/>
  <testcase name="sortedComparator" time="0.005" classname="com.ip.lambdaexpression.InstanceMethodsStreamTest"/>
  <system-out/>
  <testcase name="mapToLongMin" time="0.003" classname="com.ip.lambdaexpression.InstanceMethodsStreamTest"/>
  <system-out/>
  <testcase name="filter" time="0.002" classname="com.ip.lambdaexpression.InstanceMethodsStreamTest"/>
  <system-out/>
  <testcase name="mapToIntMax" time="0.004" classname="com.ip.lambdaexpression.InstanceMethodsStreamTest"/>
  <system-out/>
  <testcase name="reduce" time="0.004" classname="com.ip.lambdaexpression.InstanceMethodsStreamTest"/>
  <system-out/>
  <testcase name="sorted" time="0.005" classname="com.ip.lambdaexpression.InstanceMethodsStreamTest"/>
  <system-out/>
  <testcase name="distinct" time="0.008" classname="com.ip.lambdaexpression.InstanceMethodsStreamTest"/>
  <system-out/>
  <testcase name="flatMapToIntSum" time="0.004" classname="com.ip.lambdaexpression.InstanceMethodsStreamTest"/>
  <system-out/>
  <testcase name="anyMatchFail" time="0.014" classname="com.ip.lambdaexpression.InstanceMethodsStreamTest"/>
  <system-out/>
  <testcase name="findFirst" time="0.006" classname="com.ip.lambdaexpression.InstanceMethodsStreamTest"/>
  <system-out/>
  <testcase name="forEach" time="0.002" classname="com.ip.lambdaexpression.InstanceMethodsStreamTest"/>
  <system-out/>
  <testcase name="mapToDoubleMax" time="0.006" classname="com.ip.lambdaexpression.InstanceMethodsStreamTest"/>
  <system-out/>
  <testcase name="longCount" time="0.003" classname="com.ip.lambdaexpression.InstanceMethodsStreamTest"/>
  <system-out/>
  <testcase name="reduceIdenty" time="0.003" classname="com.ip.lambdaexpression.InstanceMethodsStreamTest"/>
  <system-out/>
  <testcase name="findAny" time="0.001" classname="com.ip.lambdaexpression.InstanceMethodsStreamTest"/>
  <system-out/>
  <testcase name="collectGroupingBy" time="0.017" classname="com.ip.lambdaexpression.InstanceMethodsStreamTest"/>
  <system-out/>
  <testcase name="allMatch" time="0.020" classname="com.ip.lambdaexpression.InstanceMethodsStreamTest"/>
  <system-out/>
  <testcase name="flatMap" time="0.024" classname="com.ip.lambdaexpression.InstanceMethodsStreamTest"/>
  <system-out/>
  <testcase name="flatMapToDoubleSum" time="0.006" classname="com.ip.lambdaexpression.InstanceMethodsStreamTest"/>
  <system-out/>
  <testcase name="reduceIdentyBiFunction" time="0.002" classname="com.ip.lambdaexpression.InstanceMethodsStreamTest"/>
  <system-out/>
  <testcase name="anyMatch" time="0.037" classname="com.ip.lambdaexpression.InstanceMethodsStreamTest"/>
  <system-out/>
  <testcase name="flatMapToLong" time="0.004" classname="com.ip.lambdaexpression.InstanceMethodsStreamTest"/>
  <system-out/>
  <testcase name="collectSupplierBiConsumerCombiner" time="0.008" classname="com.ip.lambdaexpression.InstanceMethodsStreamTest"/>
  <system-out/>
  <testcase name="forEachOrdered" time="0.004" classname="com.ip.lambdaexpression.InstanceMethodsStreamTest"/>
  <system-out/>
  <testcase name="skip" time="0.011" classname="com.ip.lambdaexpression.InstanceMethodsStreamTest"/>
  <system-out/>
  <testcase name="collect" time="0.010" classname="com.ip.lambdaexpression.InstanceMethodsStreamTest"/>
  <system-out/>
  <testcase name="noneMatch" time="0.003" classname="com.ip.lambdaexpression.InstanceMethodsStreamTest"/>
  <system-out/>
  <testcase name="flatMapToIntCount" time="0.007" classname="com.ip.lambdaexpression.InstanceMethodsStreamTest"/>
  <system-out/>
  <testcase name="collectSupplierBiConsumerCombiner2" time="0.014" classname="com.ip.lambdaexpression.InstanceMethodsStreamTest"/>
  <system-out/>
  <testcase name="map" time="0.007" classname="com.ip.lambdaexpression.InstanceMethodsStreamTest"/>
  <system-out/>
</testsuite> <!-- com.ip.lambdaexpression.InstanceMethodsStreamTest -->
