<?xml version="1.0" encoding="UTF-8"?>
<!-- Generated by org.testng.reporters.JUnitReportReporter -->
<testsuite skipped="0" hostname="DESKTOP-KFO17RS" name="com.ip.lambdaexpression.FindStringTest" tests="4" failures="0" timestamp="2020-04-23T07:21:40 PDT" time="0.042" errors="0">
  <testcase name="testWithFirstChar" time="0.017" classname="com.ip.lambdaexpression.FindStringTest"/>
  <system-out/>
  <testcase name="testWithNum" time="0.008" classname="com.ip.lambdaexpression.FindStringTest"/>
  <system-out/>
  <testcase name="testWithUpperCase" time="0.005" classname="com.ip.lambdaexpression.FindStringTest"/>
  <system-out/>
  <testcase name="testWithLowerCase" time="0.012" classname="com.ip.lambdaexpression.FindStringTest"/>
  <system-out/>
</testsuite> <!-- com.ip.lambdaexpression.FindStringTest -->
