<?xml version="1.0" encoding="UTF-8"?>
<!-- Generated by org.testng.reporters.JUnitReportReporter -->
<testsuite skipped="0" hostname="DESKTOP-KFO17RS" name="com.ip.lambdaexpression.SampleFilterTest" tests="4" failures="0" timestamp="2020-04-23T07:18:02 PDT" time="0.041" errors="0">
  <testcase name="testWithZero" time="0.006" classname="com.ip.lambdaexpression.SampleFilterTest"/>
  <system-out/>
  <testcase name="testWithCheckEven" time="0.023" classname="com.ip.lambdaexpression.SampleFilterTest"/>
  <system-out/>
  <testcase name="testWithMinusEven" time="0.010" classname="com.ip.lambdaexpression.SampleFilterTest"/>
  <system-out/>
  <testcase name="testWithEvenNum" time="0.002" classname="com.ip.lambdaexpression.SampleFilterTest"/>
  <system-out/>
</testsuite> <!-- com.ip.lambdaexpression.SampleFilterTest -->
