<?xml version="1.0" encoding="UTF-8"?>
<!-- Generated by org.testng.reporters.JUnitReportReporter -->
<testsuite skipped="0" hostname="DESKTOP-KFO17RS" name="com.ip.lambdaexpression.NumberPresenTest" tests="5" failures="0" timestamp="2020-04-23T07:18:15 PDT" time="0.019" errors="0">
  <testcase name="testWithMinusNum" time="0.001" classname="com.ip.lambdaexpression.NumberPresenTest"/>
  <system-out/>
  <testcase name="testWithNum" time="0.002" classname="com.ip.lambdaexpression.NumberPresenTest"/>
  <system-out/>
  <testcase name="testWithDuplicateNum" time="0.012" classname="com.ip.lambdaexpression.NumberPresenTest"/>
  <system-out/>
  <testcase name="testWithZeroNum" time="0.002" classname="com.ip.lambdaexpression.NumberPresenTest"/>
  <system-out/>
  <testcase name="testWithHalfMinusNum" time="0.002" classname="com.ip.lambdaexpression.NumberPresenTest"/>
  <system-out/>
</testsuite> <!-- com.ip.lambdaexpression.NumberPresenTest -->
