<?xml version="1.0" encoding="UTF-8"?>
<!-- Generated by org.testng.reporters.JUnitReportReporter -->
<testsuite skipped="0" hostname="DESKTOP-KFO17RS" name="com.ip.lambdaexpression.StringExercisesTest" tests="5" failures="0" timestamp="2020-04-23T07:17:44 PDT" time="0.336" errors="0">
  <testcase name="noLowercaseLettersInAnEmptyString" time="0.005" classname="com.ip.lambdaexpression.StringExercisesTest"/>
  <system-out/>
  <testcase name="noStringReturnedForEmptyList" time="0.002" classname="com.ip.lambdaexpression.StringExercisesTest"/>
  <system-out/>
  <testcase name="countsLowercaseLetterExample" time="0.316" classname="com.ip.lambdaexpression.StringExercisesTest"/>
  <system-out/>
  <testcase name="suppoertsNoLowercaseLetters" time="0.002" classname="com.ip.lambdaexpression.StringExercisesTest"/>
  <system-out/>
  <testcase name="findsMostLowercaseString" time="0.011" classname="com.ip.lambdaexpression.StringExercisesTest"/>
  <system-out/>
</testsuite> <!-- com.ip.lambdaexpression.StringExercisesTest -->
