<?xml version="1.0" encoding="UTF-8"?>
<!-- Generated by org.testng.reporters.JUnitReportReporter -->
<testsuite skipped="0" hostname="DESKTOP-KFO17RS" name="com.ip.lambdaexpression.UpperCaseTest" tests="5" failures="0" timestamp="2020-04-23T07:17:29 PDT" time="0.015" errors="0">
  <testcase name="TestWithHalfNum" time="0.010" classname="com.ip.lambdaexpression.UpperCaseTest"/>
  <system-out/>
  <testcase name="TestWithNum" time="0.001" classname="com.ip.lambdaexpression.UpperCaseTest"/>
  <system-out/>
  <testcase name="TestWithUpperDown" time="0.001" classname="com.ip.lambdaexpression.UpperCaseTest"/>
  <system-out/>
  <testcase name="TestWithLowerDown" time="0.001" classname="com.ip.lambdaexpression.UpperCaseTest"/>
  <system-out/>
  <testcase name="testWithMultipleWordsToUppercase" time="0.002" classname="com.ip.lambdaexpression.UpperCaseTest"/>
  <system-out/>
</testsuite> <!-- com.ip.lambdaexpression.UpperCaseTest -->
